<?xml version="1.0" encoding="UTF-8"?>
<!-- Generated by org.testng.reporters.JUnitXMLReporter -->
<testsuite ignored="0" hostname="CS-129-LT-WS" failures="0" tests="4" name="Default test" time="22.897" errors="0" timestamp="2025-07-31T14:37:23 IST">
  <testcase classname="com.testCase.Test_01_Login" name="userLogin" time="3.499"/>
  <testcase classname="com.testCase.Test_01_Login" name="userLogin" time="3.464"/>
  <testcase classname="com.testCase.Test_01_Login" name="userLogin" time="3.428"/>
  <testcase classname="com.testCase.Test_01_Login" name="userLogin" time="3.369"/>
</testsuite> <!-- Default test -->
