<?xml version="1.0" encoding="UTF-8"?>
<!-- Generated by org.testng.reporters.JUnitXMLReporter -->
<testsuite ignored="0" hostname="CS-129-LT-WS" failures="0" tests="4" name="Default test" time="21.298" errors="0" timestamp="2025-08-02T01:09:29 IST">
  <testcase classname="com.testCase.Test_01_Login" name="userLogin" time="3.48"/>
  <testcase classname="com.testCase.Test_01_Login" name="userLogin" time="3.377"/>
  <testcase classname="com.testCase.Test_01_Login" name="userLogin" time="3.407"/>
  <testcase classname="com.testCase.Test_01_Login" name="userLogin" time="3.377"/>
</testsuite> <!-- Default test -->
