<?xml version="1.0" encoding="UTF-8"?>
<!-- Generated by org.testng.reporters.JUnitXMLReporter -->
<testsuite ignored="0" hostname="CS-129-LT-WS" failures="0" tests="4" name="Test" time="20.311" errors="0" timestamp="2025-08-02T02:19:47 IST">
  <testcase classname="com.testCase.Test_01_Login" name="userLogin" time="3.529"/>
  <testcase classname="com.testCase.Test_01_Login" name="userLogin" time="3.44"/>
  <testcase classname="com.testCase.Test_01_Login" name="userLogin" time="3.486"/>
  <testcase classname="com.testCase.Test_01_Login" name="userLogin" time="3.362"/>
</testsuite> <!-- Test -->
