<?xml version="1.0" encoding="UTF-8"?>
<testng-results ignored="0" total="4" passed="4" failed="0" skipped="0">
  <reporter-output>
  </reporter-output>
  <suite started-at="2025-08-02T02:19:26 IST" name="Suite" finished-at="2025-08-02T02:19:47 IST" duration-ms="20311">
    <groups>
    </groups>
    <test started-at="2025-08-02T02:19:26 IST" name="Test" finished-at="2025-08-02T02:19:47 IST" duration-ms="20311">
      <class name="com.testCase.Test_01_Login">
        <test-method is-config="true" signature="setUp()[pri:0, instance:com.testCase.Test_01_Login@5d8445d7]" started-at="2025-08-02T02:19:26 IST" name="setUp" finished-at="2025-08-02T02:19:32 IST" duration-ms="5443" status="PASS">
          <reporter-output>
          </reporter-output>
        </test-method> <!-- setUp -->
        <test-method signature="userLogin(java.lang.String,java.lang.String)[pri:0, instance:com.testCase.Test_01_Login@5d8445d7]" started-at="2025-08-02T02:19:32 IST" name="userLogin" data-provider="loginData" finished-at="2025-08-02T02:19:36 IST" duration-ms="3529" status="PASS">
          <params>
            <param index="0">
              <value>
                <![CDATA[abc@gmail.com]]>
              </value>
            </param>
            <param index="1">
              <value>
                <![CDATA[Qwerty@123]]>
              </value>
            </param>
          </params>
          <reporter-output>
          </reporter-output>
        </test-method> <!-- userLogin -->
        <test-method signature="userLogin(java.lang.String,java.lang.String)[pri:0, instance:com.testCase.Test_01_Login@5d8445d7]" started-at="2025-08-02T02:19:36 IST" name="userLogin" data-provider="loginData" finished-at="2025-08-02T02:19:39 IST" duration-ms="3440" status="PASS">
          <params>
            <param index="0">
              <value>
                <![CDATA[secondemail]]>
              </value>
            </param>
            <param index="1">
              <value>
                <![CDATA[NDIXODMX]]>
              </value>
            </param>
          </params>
          <reporter-output>
          </reporter-output>
        </test-method> <!-- userLogin -->
        <test-method signature="userLogin(java.lang.String,java.lang.String)[pri:0, instance:com.testCase.Test_01_Login@5d8445d7]" started-at="2025-08-02T02:19:39 IST" name="userLogin" data-provider="loginData" finished-at="2025-08-02T02:19:43 IST" duration-ms="3486" status="PASS">
          <params>
            <param index="0">
              <value>
                <![CDATA[THRID EMAIL]]>
              </value>
            </param>
            <param index="1">
              <value>
                <![CDATA[NIDXODXM]]>
              </value>
            </param>
          </params>
          <reporter-output>
          </reporter-output>
        </test-method> <!-- userLogin -->
        <test-method signature="userLogin(java.lang.String,java.lang.String)[pri:0, instance:com.testCase.Test_01_Login@5d8445d7]" started-at="2025-08-02T02:19:43 IST" name="userLogin" data-provider="loginData" finished-at="2025-08-02T02:19:46 IST" duration-ms="3362" status="PASS">
          <params>
            <param index="0">
              <value>
                <![CDATA[FOURTH]]>
              </value>
            </param>
            <param index="1">
              <value>
                <![CDATA[DIXMDX]]>
              </value>
            </param>
          </params>
          <reporter-output>
          </reporter-output>
        </test-method> <!-- userLogin -->
        <test-method is-config="true" signature="tearDown()[pri:0, instance:com.testCase.Test_01_Login@5d8445d7]" started-at="2025-08-02T02:19:46 IST" name="tearDown" finished-at="2025-08-02T02:19:47 IST" duration-ms="409" status="PASS">
          <reporter-output>
          </reporter-output>
        </test-method> <!-- tearDown -->
      </class> <!-- com.testCase.Test_01_Login -->
    </test> <!-- Test -->
  </suite> <!-- Suite -->
</testng-results>
